CREATE USER SA PASSWORD "" ADMIN
/*C1*/SET SCHEMA PUBLIC
CONNECT USER SA
DISCONNECT
/*C2*/SET SCHEMA PUBLIC
CONNECT USER SA
DISCONNECT
/*C3*/SET SCHEMA PUBLIC
CONNECT USER SA
/*C4*/SET SCHEMA PUBLIC
CONNECT USER SA
/*C5*/SET SCHEMA PUBLIC
CONNECT USER SA
/*C6*/SET SCHEMA PUBLIC
CONNECT USER SA
/*C7*/SET SCHEMA PUBLIC
CONNECT USER SA
/*C8*/SET SCHEMA PUBLIC
CONNECT USER SA
/*C9*/SET SCHEMA PUBLIC
CONNECT USER SA
/*C10*/SET SCHEMA PUBLIC
CONNECT USER SA
/*C11*/SET SCHEMA PUBLIC
CONNECT USER SA
/*C12*/SET SCHEMA PUBLIC
CONNECT USER SA
SET LOGSIZE 5
SET AUTOCOMMIT FALSE
/*C11*/SET AUTOCOMMIT FALSE
SET AUTOCOMMIT TRUE
/*C12*/CREATE TABLE fr_exerecord(ID INTEGER GENERATED BY DEFAULT AS IDENTITY (start with 1),tname VARCHAR(255) NULL,type TINYINT NULL,param VARCHAR(2047) NULL,ip VARCHAR(255) NULL,username VARCHAR(255) NULL,userrole VARCHAR(255) NULL,time INTEGER NULL,logtime TIMESTAMP NULL,PRIMARY KEY (ID))
CREATE TABLE fr_exprecord(ID INTEGER GENERATED BY DEFAULT AS IDENTITY (start with 1),tname VARCHAR(255) NULL,type TINYINT NULL,param VARCHAR(2047) NULL,ip VARCHAR(255) NULL,username VARCHAR(255) NULL,userrole VARCHAR(255) NULL,time INTEGER NULL,logtime TIMESTAMP NULL,PRIMARY KEY (ID))
CREATE TABLE fr_ptrecord(ID INTEGER GENERATED BY DEFAULT AS IDENTITY (start with 1),tname VARCHAR(255) NULL,type TINYINT NULL,param VARCHAR(2047) NULL,ip VARCHAR(255) NULL,username VARCHAR(255) NULL,userrole VARCHAR(255) NULL,logtime TIMESTAMP NULL,PRIMARY KEY (ID))
CREATE TABLE fr_errrecord(ID INTEGER GENERATED BY DEFAULT AS IDENTITY (start with 1),tname VARCHAR(255) NULL,sinfo VARCHAR(2047) NULL,type TINYINT NULL,msg VARCHAR(1023) NULL,trace LONGVARCHAR NULL,logtime TIMESTAMP NULL,PRIMARY KEY (ID))
CREATE TABLE fr_schedulerecord(ID INTEGER GENERATED BY DEFAULT AS IDENTITY (start with 1),tname VARCHAR(255) NULL,sinfo VARCHAR(2047) NULL,type TINYINT NULL,msg VARCHAR(1023) NULL,trace LONGVARCHAR NULL,logtime TIMESTAMP NULL,detailmsg VARCHAR(1023) NULL,PRIMARY KEY (ID))
CREATE TABLE fr_fsrecord(ID INTEGER GENERATED BY DEFAULT AS IDENTITY (start with 1),username VARCHAR(255) NULL,userrole VARCHAR(255) NULL,ip VARCHAR(255) NULL,logtime TIMESTAMP NULL,PRIMARY KEY (ID))
create index fr_exerecord_index on fr_exerecord(logtime asc, type asc)
create index fr_exprecord_index on fr_exprecord(logtime asc, type asc)
create index fr_ptrecord_index on fr_ptrecord(logtime asc, type asc)
create index fr_errrecord_index on fr_errrecord(logtime asc, type asc)
create index fr_schedulerecord_index on fr_schedulerecord(logtime asc, type asc)
create index fr_fsrecord_index on fr_fsrecord(logtime asc, username asc)
SET AUTOCOMMIT TRUE
CREATE TABLE fr_functionrecord(func VARCHAR(255) NULL,logtime TIMESTAMP NULL)
INSERT INTO FR_ERRRECORD VALUES(1,'\u975e\u6a21\u677f\u89e6\u53d1\u9519\u8bef',NULL,6,'com.fr.bi.BIPlate','java.lang.ClassNotFoundException: com.fr.bi.BIPlate\u000d\u000a\u0009at java.net.URLClassLoader.findClass(URLClassLoader.java:381)\u000d\u000a\u0009at java.lang.ClassLoader.loadClass(ClassLoader.java:424)\u000d\u000a\u0009at java.lang.ClassLoader.loadClass(ClassLoader.java:357)\u000d\u000a\u0009at java.lang.Class.forName0(Native Method)\u000d\u000a\u0009at java.lang.Class.forName(Class.java:348)\u000d\u000a\u0009at com.fr.general.GeneralUtils.classForName(Unknown Source)\u000d\u000a\u0009at com.fr.fs.PlateFactory.startPlate(Unknown Source)\u000d\u000a\u0009at com.fr.fs.FSModule.startPlate(Unknown Source)\u000d\u000a\u0009at com.fr.fs.FSModule.init(Unknown Source)\u000d\u000a\u0009at com.fr.fs.FSModule.startFinish(Unknown Source)\u000d\u000a\u0009at com.fr.report.module.EngineModule.start(Unknown Source)\u000d\u000a\u0009at com.fr.general.ModuleContext.startModule(Unknown Source)\u000d\u000a\u0009at com.fr.web.BaseServlet.init(Unknown Source)\u000d\u000a\u0009at com.fr.web.ReportServlet.init(Unknown Source)\u000d\u000a\u0009at org.eclipse.jetty.servlet.ServletHolder.initServlet(ServletHolder.java:532)\u000d\u000a\u0009at org.eclipse.jetty.servlet.ServletHolder.doStart(ServletHolder.java:344)\u000d\u000a\u0009at org.eclipse.jetty.util.component.AbstractLifeCycle.start(AbstractLifeCycle.java:64)\u000d\u000a\u0009at org.eclipse.jetty.servlet.ServletHandler.initialize(ServletHandler.java:791)\u000d\u000a\u0009at org.eclipse.jetty.servlet.ServletContextHandler.startContext(ServletContextHandler.java:265)\u000d\u000a\u0009at org.eclipse.jetty.webapp.WebAppContext.startContext(WebAppContext.java:1242)\u000d\u000a\u0009at org.eclipse.jetty.server.handler.ContextHandler.doStart(ContextHandler.java:717)\u000d\u000a\u0009at org.eclipse.jetty.webapp.WebAppContext.doStart(WebAppContext.java:494)\u000d\u000a\u0009at org.eclipse.jetty.util.component.AbstractLifeCycle.start(AbstractLifeCycle.java:64)\u000d\u000a\u0009at org.eclipse.jetty.server.handler.HandlerWrapper.doStart(HandlerWrapper.java:95)\u000d\u000a\u0009at org.eclipse.jetty.server.Server.doStart(Server.java:282)\u000d\u000a\u0009at org.eclipse.jetty.util.component.AbstractLifeCycle.start(AbstractLifeCycle.java:64)\u000d\u000a\u0009at net.sourceforge.eclipsejetty.starter.embedded.JettyEmbeddedAdapter.start(JettyEmbeddedAdapter.java:67)\u000d\u000a\u0009at net.sourceforge.eclipsejetty.starter.common.AbstractJettyLauncherMain.launch(AbstractJettyLauncherMain.java:84)\u000d\u000a\u0009at net.sourceforge.eclipsejetty.starter.embedded.JettyEmbeddedLauncherMain.main(JettyEmbeddedLauncherMain.java:42)\u000d\u000a','2016-10-15 11:40:27.034000000')
